\BOOKMARK [0][-]{chapter*.1}{\376\377\173\046\123\367\213\364\146\016}{}% 1
\BOOKMARK [0][-]{chapter.1}{\376\377\227\131\122\233\133\146\127\372\170\100}{}% 2
\BOOKMARK [1][-]{section.1.1}{\376\377\227\131\122\233\133\146\127\372\170\100}{chapter.1}% 3
\BOOKMARK [2][-]{subsection.1.1.1}{\376\377\122\233\123\312\121\166\140\047\215\050}{section.1.1}% 4
\BOOKMARK [0][-]{chapter.2}{\376\377\147\120\145\231\122\233\133\146\166\204\127\372\147\054\151\202\137\365}{}% 5
\BOOKMARK [1][-]{section.2.1}{\376\377\127\372\147\054\151\202\137\365\116\016\116\073\211\201\170\024\172\166\116\373\122\241}{chapter.2}% 6
\BOOKMARK [2][-]{subsection.2.1.1}{\376\377\127\372\147\054\151\202\137\365}{section.2.1}% 7
\BOOKMARK [2][-]{subsection.2.1.2}{\376\377\116\073\211\201\170\024\172\166\116\373\122\241}{section.2.1}% 8
\BOOKMARK [1][-]{section.2.2}{\376\377\127\372\147\054\120\107\213\276}{chapter.2}% 9
\BOOKMARK [1][-]{section.2.3}{\376\377\121\205\122\233\166\204\154\102\154\325}{chapter.2}% 10
\BOOKMARK [1][-]{section.2.4}{\376\377\136\224\123\330}{chapter.2}% 11
\BOOKMARK [1][-]{section.2.5}{\376\377\147\106\116\366\123\330\137\142\166\204\127\372\147\054\137\142\137\017}{chapter.2}% 12
\BOOKMARK [0][-]{chapter.3}{\376\377\142\311\117\070\116\016\123\213\177\051}{}% 13
\BOOKMARK [1][-]{section.3.1}{\376\377\217\164\124\021\142\311\117\070\116\016\123\213\177\051\166\204\151\202\137\365}{chapter.3}% 14
\BOOKMARK [1][-]{section.3.2}{\376\377\217\164\124\021\142\311\117\070\142\026\123\213\177\051\145\366\152\052\142\052\227\142\116\012\166\204\121\205\122\233\124\214\136\224\122\233}{chapter.3}% 15
\BOOKMARK [0][-]{chapter.4}{\376\377\142\155\217\154}{}% 16
\BOOKMARK [1][-]{section.4.1}{\376\377\142\155\217\154\166\204\151\202\137\365}{chapter.4}% 17
\BOOKMARK [1][-]{section.4.2}{\376\377\131\026\122\233\120\166\167\351\166\204\213\241\173\227}{chapter.4}% 18
\BOOKMARK [1][-]{section.4.3}{\376\377\142\155\167\351\124\214\142\155\167\351\126\376}{chapter.4}% 19
\BOOKMARK [2][-]{subsection.4.3.1}{\376\377\142\155\167\351\166\204\213\241\173\227}{section.4.3}% 20
\BOOKMARK [2][-]{subsection.4.3.2}{\376\377\142\155\167\351\166\204\173\046\123\367\211\304\133\232}{section.4.3}% 21
\BOOKMARK [2][-]{subsection.4.3.3}{\376\377\142\155\167\351\126\376}{section.4.3}% 22
\BOOKMARK [1][-]{section.4.4}{\376\377\176\257\122\152\122\007}{chapter.4}% 23
\BOOKMARK [2][-]{subsection.4.4.1}{\376\377\205\204\130\301\127\006\173\122\142\155\217\154}{section.4.4}% 24
\BOOKMARK [2][-]{subsection.4.4.2}{\376\377\122\007\136\224\122\233\116\222\173\111\133\232\164\006}{section.4.4}% 25
\BOOKMARK [2][-]{subsection.4.4.3}{\376\377\122\152\122\007\200\341\123\357\133\232\137\213}{section.4.4}% 26
\BOOKMARK [0][-]{equation.4.4.4}{\376\377\226\104\137\125}{}% 27
\BOOKMARK [1][-]{section*.3}{\376\377\175\042\137\025}{equation.4.4.4}% 28
